{"C:\\Users\\kavi2\\Downloads\\codingtests2025\\codingtests\\be-test\\src\\config\\constants.ts": {"path":"C:\\Users\\kavi2\\Downloads\\codingtests2025\\codingtests\\be-test\\src\\config\\constants.ts","statementMap":{"0":{"start":{"line":3,"column":13},"end":{"line":15,"column":13}}},"fnMap":{},"branchMap":{"0":{"loc":{"start":{"line":5,"column":14},"end":{"line":5,"column":56}},"type":"binary-expr","locations":[{"start":{"line":5,"column":14},"end":{"line":5,"column":36}},{"start":{"line":5,"column":40},"end":{"line":5,"column":56}}]},"1":{"loc":{"start":{"line":6,"column":25},"end":{"line":6,"column":86}},"type":"binary-expr","locations":[{"start":{"line":6,"column":25},"end":{"line":6,"column":59}},{"start":{"line":6,"column":63},"end":{"line":6,"column":86}}]},"2":{"loc":{"start":{"line":9,"column":16},"end":{"line":9,"column":56}},"type":"binary-expr","locations":[{"start":{"line":9,"column":16},"end":{"line":9,"column":42}},{"start":{"line":9,"column":46},"end":{"line":9,"column":56}}]},"3":{"loc":{"start":{"line":12,"column":15},"end":{"line":12,"column":90}},"type":"binary-expr","locations":[{"start":{"line":12,"column":15},"end":{"line":12,"column":55}},{"start":{"line":12,"column":59},"end":{"line":12,"column":90}}]},"4":{"loc":{"start":{"line":13,"column":16},"end":{"line":13,"column":53}},"type":"binary-expr","locations":[{"start":{"line":13,"column":16},"end":{"line":13,"column":36}},{"start":{"line":13,"column":40},"end":{"line":13,"column":53}}]}},"s":{"0":1},"f":{},"b":{"0":[1,1],"1":[1,1],"2":[1,1],"3":[1,0],"4":[1,0]}}
,"C:\\Users\\kavi2\\Downloads\\codingtests2025\\codingtests\\be-test\\src\\handlers\\createPayment.ts": {"path":"C:\\Users\\kavi2\\Downloads\\codingtests2025\\codingtests\\be-test\\src\\handlers\\createPayment.ts","statementMap":{"0":{"start":{"line":1,"column":0},"end":{"line":1,"column":100}},"1":{"start":{"line":2,"column":0},"end":{"line":2,"column":87}},"2":{"start":{"line":3,"column":0},"end":{"line":3,"column":65}},"3":{"start":{"line":4,"column":0},"end":{"line":4,"column":61}},"4":{"start":{"line":5,"column":0},"end":{"line":5,"column":79}},"5":{"start":{"line":7,"column":26},"end":{"line":7,"column":57}},"6":{"start":{"line":8,"column":23},"end":{"line":8,"column":60}},"7":{"start":{"line":10,"column":29},"end":{"line":21,"column":1}},"8":{"start":{"line":14,"column":18},"end":{"line":14,"column":66}},"9":{"start":{"line":16,"column":2},"end":{"line":20,"column":5}},"10":{"start":{"line":23,"column":13},"end":{"line":28,"column":2}}},"fnMap":{"0":{"name":"(anonymous_0)","decl":{"start":{"line":10,"column":29},"end":{"line":10,"column":34}},"loc":{"start":{"line":13,"column":36},"end":{"line":21,"column":1}}}},"branchMap":{},"s":{"0":1,"1":1,"2":1,"3":1,"4":1,"5":1,"6":1,"7":1,"8":1,"9":1,"10":1},"f":{"0":1},"b":{}}
,"C:\\Users\\kavi2\\Downloads\\codingtests2025\\codingtests\\be-test\\src\\handlers\\getPayment.ts": {"path":"C:\\Users\\kavi2\\Downloads\\codingtests2025\\codingtests\\be-test\\src\\handlers\\getPayment.ts","statementMap":{"0":{"start":{"line":1,"column":0},"end":{"line":1,"column":100}},"1":{"start":{"line":2,"column":0},"end":{"line":2,"column":88}},"2":{"start":{"line":3,"column":0},"end":{"line":3,"column":61}},"3":{"start":{"line":4,"column":0},"end":{"line":4,"column":61}},"4":{"start":{"line":5,"column":0},"end":{"line":5,"column":79}},"5":{"start":{"line":7,"column":26},"end":{"line":7,"column":57}},"6":{"start":{"line":8,"column":23},"end":{"line":8,"column":60}},"7":{"start":{"line":10,"column":26},"end":{"line":22,"column":1}},"8":{"start":{"line":14,"column":20},"end":{"line":14,"column":42}},"9":{"start":{"line":15,"column":18},"end":{"line":15,"column":64}},"10":{"start":{"line":17,"column":2},"end":{"line":19,"column":3}},"11":{"start":{"line":18,"column":4},"end":{"line":18,"column":51}},"12":{"start":{"line":21,"column":2},"end":{"line":21,"column":31}},"13":{"start":{"line":24,"column":13},"end":{"line":29,"column":2}}},"fnMap":{"0":{"name":"(anonymous_0)","decl":{"start":{"line":10,"column":26},"end":{"line":10,"column":31}},"loc":{"start":{"line":13,"column":36},"end":{"line":22,"column":1}}}},"branchMap":{"0":{"loc":{"start":{"line":17,"column":2},"end":{"line":19,"column":3}},"type":"if","locations":[{"start":{"line":17,"column":2},"end":{"line":19,"column":3}}]}},"s":{"0":1,"1":1,"2":1,"3":1,"4":1,"5":1,"6":1,"7":1,"8":2,"9":2,"10":2,"11":1,"12":1,"13":1},"f":{"0":2},"b":{"0":[1]}}
,"C:\\Users\\kavi2\\Downloads\\codingtests2025\\codingtests\\be-test\\src\\handlers\\listPayments.ts": {"path":"C:\\Users\\kavi2\\Downloads\\codingtests2025\\codingtests\\be-test\\src\\handlers\\listPayments.ts","statementMap":{"0":{"start":{"line":1,"column":0},"end":{"line":1,"column":100}},"1":{"start":{"line":2,"column":0},"end":{"line":2,"column":88}},"2":{"start":{"line":3,"column":0},"end":{"line":3,"column":66}},"3":{"start":{"line":4,"column":0},"end":{"line":4,"column":61}},"4":{"start":{"line":5,"column":0},"end":{"line":5,"column":79}},"5":{"start":{"line":7,"column":26},"end":{"line":7,"column":57}},"6":{"start":{"line":8,"column":23},"end":{"line":8,"column":60}},"7":{"start":{"line":10,"column":28},"end":{"line":18,"column":1}},"8":{"start":{"line":14,"column":25},"end":{"line":14,"column":54}},"9":{"start":{"line":15,"column":19},"end":{"line":15,"column":68}},"10":{"start":{"line":17,"column":2},"end":{"line":17,"column":32}},"11":{"start":{"line":20,"column":13},"end":{"line":25,"column":2}}},"fnMap":{"0":{"name":"(anonymous_0)","decl":{"start":{"line":10,"column":28},"end":{"line":10,"column":33}},"loc":{"start":{"line":13,"column":36},"end":{"line":18,"column":1}}}},"branchMap":{"0":{"loc":{"start":{"line":14,"column":25},"end":{"line":14,"column":54}},"type":"cond-expr","locations":[{"start":{"line":14,"column":44},"end":{"line":14,"column":46}},{"start":{"line":14,"column":44},"end":{"line":14,"column":54}}]},"1":{"loc":{"start":{"line":14,"column":25},"end":{"line":14,"column":46}},"type":"binary-expr","locations":[{"start":{"line":14,"column":25},"end":{"line":14,"column":46}},{"start":{"line":14,"column":44},"end":{"line":14,"column":46}}]}},"s":{"0":1,"1":1,"2":1,"3":1,"4":1,"5":1,"6":1,"7":1,"8":4,"9":4,"10":4,"11":1},"f":{"0":4},"b":{"0":[0,4],"1":[4,4]}}
,"C:\\Users\\kavi2\\Downloads\\codingtests2025\\codingtests\\be-test\\src\\lib\\apigateway.ts": {"path":"C:\\Users\\kavi2\\Downloads\\codingtests2025\\codingtests\\be-test\\src\\lib\\apigateway.ts","statementMap":{"0":{"start":{"line":3,"column":29},"end":{"line":12,"column":1}},"1":{"start":{"line":4,"column":4},"end":{"line":11,"column":6}},"2":{"start":{"line":3,"column":13},"end":{"line":3,"column":29}},"3":{"start":{"line":14,"column":26},"end":{"line":21,"column":1}},"4":{"start":{"line":15,"column":4},"end":{"line":20,"column":5}},"5":{"start":{"line":16,"column":8},"end":{"line":16,"column":32}},"6":{"start":{"line":18,"column":8},"end":{"line":18,"column":27}},"7":{"start":{"line":19,"column":8},"end":{"line":19,"column":18}},"8":{"start":{"line":14,"column":13},"end":{"line":14,"column":26}}},"fnMap":{"0":{"name":"(anonymous_0)","decl":{"start":{"line":3,"column":29},"end":{"line":3,"column":30}},"loc":{"start":{"line":3,"column":89},"end":{"line":12,"column":1}}},"1":{"name":"(anonymous_1)","decl":{"start":{"line":14,"column":26},"end":{"line":14,"column":27}},"loc":{"start":{"line":14,"column":51},"end":{"line":21,"column":1}}}},"branchMap":{},"s":{"0":3,"1":14,"2":3,"3":3,"4":0,"5":0,"6":0,"7":0,"8":3},"f":{"0":14,"1":0},"b":{}}
,"C:\\Users\\kavi2\\Downloads\\codingtests2025\\codingtests\\be-test\\src\\lib\\dynamodb.ts": {"path":"C:\\Users\\kavi2\\Downloads\\codingtests2025\\codingtests\\be-test\\src\\lib\\dynamodb.ts","statementMap":{"0":{"start":{"line":1,"column":0},"end":{"line":1,"column":58}},"1":{"start":{"line":2,"column":0},"end":{"line":2,"column":63}},"2":{"start":{"line":3,"column":0},"end":{"line":3,"column":45}},"3":{"start":{"line":4,"column":0},"end":{"line":4,"column":41}},"4":{"start":{"line":8,"column":0},"end":{"line":23,"column":1}},"5":{"start":{"line":9,"column":2},"end":{"line":16,"column":4}},"6":{"start":{"line":17,"column":2},"end":{"line":17,"column":88}},"7":{"start":{"line":19,"column":2},"end":{"line":21,"column":4}},"8":{"start":{"line":22,"column":2},"end":{"line":22,"column":81}},"9":{"start":{"line":25,"column":13},"end":{"line":25,"column":57}},"10":{"start":{"line":26,"column":13},"end":{"line":26,"column":68}}},"fnMap":{},"branchMap":{"0":{"loc":{"start":{"line":8,"column":0},"end":{"line":23,"column":1}},"type":"if","locations":[{"start":{"line":8,"column":0},"end":{"line":23,"column":1}},{"start":{"line":18,"column":7},"end":{"line":23,"column":1}}]}},"s":{"0":0,"1":0,"2":0,"3":0,"4":0,"5":0,"6":0,"7":0,"8":0,"9":0,"10":0},"f":{},"b":{"0":[0,0]}}
,"C:\\Users\\kavi2\\Downloads\\codingtests2025\\codingtests\\be-test\\src\\lib\\lambda.ts": {"path":"C:\\Users\\kavi2\\Downloads\\codingtests2025\\codingtests\\be-test\\src\\lib\\lambda.ts","statementMap":{"0":{"start":{"line":6,"column":0},"end":{"line":6,"column":45}},"1":{"start":{"line":7,"column":0},"end":{"line":7,"column":47}},"2":{"start":{"line":25,"column":27},"end":{"line":49,"column":1}},"3":{"start":{"line":26,"column":4},"end":{"line":48,"column":6}},"4":{"start":{"line":27,"column":8},"end":{"line":47,"column":9}},"5":{"start":{"line":29,"column":12},"end":{"line":34,"column":15}},"6":{"start":{"line":37,"column":12},"end":{"line":37,"column":40}},"7":{"start":{"line":40,"column":12},"end":{"line":40,"column":71}},"8":{"start":{"line":43,"column":12},"end":{"line":46,"column":15}},"9":{"start":{"line":25,"column":13},"end":{"line":25,"column":27}},"10":{"start":{"line":58,"column":28},"end":{"line":63,"column":1}},"11":{"start":{"line":62,"column":4},"end":{"line":62,"column":53}},"12":{"start":{"line":58,"column":13},"end":{"line":58,"column":28}},"13":{"start":{"line":71,"column":30},"end":{"line":75,"column":1}},"14":{"start":{"line":74,"column":4},"end":{"line":74,"column":45}},"15":{"start":{"line":71,"column":13},"end":{"line":71,"column":30}},"16":{"start":{"line":83,"column":23},"end":{"line":94,"column":1}},"17":{"start":{"line":84,"column":4},"end":{"line":86,"column":5}},"18":{"start":{"line":85,"column":8},"end":{"line":85,"column":20}},"19":{"start":{"line":88,"column":4},"end":{"line":93,"column":5}},"20":{"start":{"line":89,"column":8},"end":{"line":89,"column":43}},"21":{"start":{"line":91,"column":8},"end":{"line":91,"column":60}},"22":{"start":{"line":92,"column":8},"end":{"line":92,"column":20}},"23":{"start":{"line":83,"column":13},"end":{"line":83,"column":23}},"24":{"start":{"line":102,"column":22},"end":{"line":104,"column":1}},"25":{"start":{"line":103,"column":4},"end":{"line":103,"column":27}},"26":{"start":{"line":102,"column":13},"end":{"line":102,"column":22}},"27":{"start":{"line":109,"column":13},"end":{"line":174,"column":2}},"28":{"start":{"line":117,"column":8},"end":{"line":120,"column":11}},"29":{"start":{"line":130,"column":8},"end":{"line":133,"column":11}},"30":{"start":{"line":143,"column":8},"end":{"line":146,"column":11}},"31":{"start":{"line":156,"column":8},"end":{"line":159,"column":11}},"32":{"start":{"line":169,"column":8},"end":{"line":172,"column":11}}},"fnMap":{"0":{"name":"(anonymous_0)","decl":{"start":{"line":25,"column":27},"end":{"line":25,"column":28}},"loc":{"start":{"line":25,"column":78},"end":{"line":49,"column":1}}},"1":{"name":"(anonymous_1)","decl":{"start":{"line":26,"column":11},"end":{"line":26,"column":16}},"loc":{"start":{"line":26,"column":81},"end":{"line":48,"column":5}}},"2":{"name":"(anonymous_2)","decl":{"start":{"line":58,"column":28},"end":{"line":58,"column":null}},"loc":{"start":{"line":61,"column":19},"end":{"line":63,"column":1}}},"3":{"name":"(anonymous_3)","decl":{"start":{"line":71,"column":30},"end":{"line":71,"column":null}},"loc":{"start":{"line":73,"column":40},"end":{"line":75,"column":1}}},"4":{"name":"(anonymous_4)","decl":{"start":{"line":83,"column":23},"end":{"line":83,"column":49}},"loc":{"start":{"line":83,"column":90},"end":{"line":94,"column":1}}},"5":{"name":"(anonymous_5)","decl":{"start":{"line":102,"column":22},"end":{"line":102,"column":23}},"loc":{"start":{"line":102,"column":46},"end":{"line":104,"column":1}}},"6":{"name":"(anonymous_6)","decl":{"start":{"line":116,"column":16},"end":{"line":116,"column":17}},"loc":{"start":{"line":116,"column":59},"end":{"line":121,"column":5}}},"7":{"name":"(anonymous_7)","decl":{"start":{"line":129,"column":14},"end":{"line":129,"column":15}},"loc":{"start":{"line":129,"column":57},"end":{"line":134,"column":5}}},"8":{"name":"(anonymous_8)","decl":{"start":{"line":142,"column":25},"end":{"line":142,"column":26}},"loc":{"start":{"line":142,"column":68},"end":{"line":147,"column":5}}},"9":{"name":"(anonymous_9)","decl":{"start":{"line":155,"column":8},"end":{"line":155,"column":9}},"loc":{"start":{"line":155,"column":45},"end":{"line":160,"column":5}}},"10":{"name":"(anonymous_10)","decl":{"start":{"line":168,"column":13},"end":{"line":168,"column":14}},"loc":{"start":{"line":168,"column":50},"end":{"line":173,"column":5}}}},"branchMap":{"0":{"loc":{"start":{"line":62,"column":11},"end":{"line":62,"column":52}},"type":"binary-expr","locations":[{"start":{"line":62,"column":11},"end":{"line":62,"column":44}},{"start":{"line":62,"column":48},"end":{"line":62,"column":52}}]},"1":{"loc":{"start":{"line":62,"column":11},"end":{"line":62,"column":44}},"type":"cond-expr","locations":[{"start":{"line":62,"column":31},"end":{"line":62,"column":34}},{"start":{"line":62,"column":31},"end":{"line":62,"column":44}}]},"2":{"loc":{"start":{"line":62,"column":11},"end":{"line":62,"column":34}},"type":"binary-expr","locations":[{"start":{"line":62,"column":11},"end":{"line":62,"column":34}},{"start":{"line":62,"column":31},"end":{"line":62,"column":34}}]},"3":{"loc":{"start":{"line":74,"column":11},"end":{"line":74,"column":44}},"type":"binary-expr","locations":[{"start":{"line":74,"column":11},"end":{"line":74,"column":38}},{"start":{"line":74,"column":42},"end":{"line":74,"column":44}}]},"4":{"loc":{"start":{"line":84,"column":4},"end":{"line":86,"column":5}},"type":"if","locations":[{"start":{"line":84,"column":4},"end":{"line":86,"column":5}}]}},"s":{"0":3,"1":3,"2":3,"3":3,"4":14,"5":14,"6":14,"7":0,"8":0,"9":3,"10":3,"11":0,"12":3,"13":3,"14":0,"15":3,"16":3,"17":0,"18":0,"19":0,"20":0,"21":0,"22":0,"23":3,"24":3,"25":0,"26":3,"27":3,"28":4,"29":1,"30":3,"31":5,"32":1},"f":{"0":3,"1":14,"2":0,"3":0,"4":0,"5":0,"6":4,"7":1,"8":3,"9":5,"10":1},"b":{"0":[0,0],"1":[0,0],"2":[0,0],"3":[0,0],"4":[0]}}
,"C:\\Users\\kavi2\\Downloads\\codingtests2025\\codingtests\\be-test\\src\\middleware\\validation.middleware.ts": {"path":"C:\\Users\\kavi2\\Downloads\\codingtests2025\\codingtests\\be-test\\src\\middleware\\validation.middleware.ts","statementMap":{"0":{"start":{"line":1,"column":0},"end":{"line":1,"column":24}},"1":{"start":{"line":3,"column":0},"end":{"line":3,"column":42}},"2":{"start":{"line":4,"column":0},"end":{"line":4,"column":41}},"3":{"start":{"line":23,"column":30},"end":{"line":99,"column":1}},"4":{"start":{"line":27,"column":2},"end":{"line":98,"column":4}},"5":{"start":{"line":28,"column":39},"end":{"line":28,"column":41}},"6":{"start":{"line":30,"column":4},"end":{"line":97,"column":5}},"7":{"start":{"line":32,"column":6},"end":{"line":53,"column":7}},"8":{"start":{"line":33,"column":8},"end":{"line":37,"column":9}},"9":{"start":{"line":35,"column":10},"end":{"line":35,"column":49}},"10":{"start":{"line":36,"column":10},"end":{"line":36,"column":72}},"11":{"start":{"line":39,"column":8},"end":{"line":52,"column":9}},"12":{"start":{"line":40,"column":29},"end":{"line":40,"column":51}},"13":{"start":{"line":41,"column":10},"end":{"line":41,"column":55}},"14":{"start":{"line":43,"column":10},"end":{"line":49,"column":11}},"15":{"start":{"line":44,"column":12},"end":{"line":44,"column":76}},"16":{"start":{"line":46,"column":12},"end":{"line":48,"column":14}},"17":{"start":{"line":47,"column":36},"end":{"line":47,"column":45}},"18":{"start":{"line":50,"column":10},"end":{"line":50,"column":57}},"19":{"start":{"line":51,"column":10},"end":{"line":51,"column":72}},"20":{"start":{"line":56,"column":6},"end":{"line":72,"column":7}},"21":{"start":{"line":57,"column":8},"end":{"line":57,"column":32}},"22":{"start":{"line":58,"column":8},"end":{"line":71,"column":9}},"23":{"start":{"line":59,"column":10},"end":{"line":70,"column":11}},"24":{"start":{"line":60,"column":26},"end":{"line":60,"column":53}},"25":{"start":{"line":61,"column":12},"end":{"line":61,"column":58}},"26":{"start":{"line":63,"column":12},"end":{"line":68,"column":13}},"27":{"start":{"line":64,"column":14},"end":{"line":64,"column":100}},"28":{"start":{"line":65,"column":14},"end":{"line":67,"column":16}},"29":{"start":{"line":66,"column":38},"end":{"line":66,"column":47}},"30":{"start":{"line":69,"column":12},"end":{"line":69,"column":24}},"31":{"start":{"line":75,"column":6},"end":{"line":91,"column":7}},"32":{"start":{"line":76,"column":8},"end":{"line":76,"column":33}},"33":{"start":{"line":77,"column":8},"end":{"line":90,"column":9}},"34":{"start":{"line":78,"column":10},"end":{"line":89,"column":11}},"35":{"start":{"line":79,"column":26},"end":{"line":79,"column":60}},"36":{"start":{"line":80,"column":12},"end":{"line":80,"column":59}},"37":{"start":{"line":82,"column":12},"end":{"line":87,"column":13}},"38":{"start":{"line":83,"column":14},"end":{"line":83,"column":101}},"39":{"start":{"line":84,"column":14},"end":{"line":86,"column":16}},"40":{"start":{"line":85,"column":38},"end":{"line":85,"column":47}},"41":{"start":{"line":88,"column":12},"end":{"line":88,"column":24}},"42":{"start":{"line":93,"column":6},"end":{"line":93,"column":43}},"43":{"start":{"line":95,"column":6},"end":{"line":95,"column":61}},"44":{"start":{"line":96,"column":6},"end":{"line":96,"column":54}},"45":{"start":{"line":23,"column":13},"end":{"line":23,"column":30}}},"fnMap":{"0":{"name":"(anonymous_0)","decl":{"start":{"line":23,"column":30},"end":{"line":23,"column":null}},"loc":{"start":{"line":26,"column":4},"end":{"line":99,"column":1}}},"1":{"name":"(anonymous_1)","decl":{"start":{"line":27,"column":9},"end":{"line":27,"column":14}},"loc":{"start":{"line":27,"column":79},"end":{"line":98,"column":3}}},"2":{"name":"(anonymous_2)","decl":{"start":{"line":47,"column":31},"end":{"line":47,"column":32}},"loc":{"start":{"line":47,"column":36},"end":{"line":47,"column":45}}},"3":{"name":"(anonymous_3)","decl":{"start":{"line":66,"column":33},"end":{"line":66,"column":34}},"loc":{"start":{"line":66,"column":38},"end":{"line":66,"column":47}}},"4":{"name":"(anonymous_4)","decl":{"start":{"line":85,"column":33},"end":{"line":85,"column":34}},"loc":{"start":{"line":85,"column":38},"end":{"line":85,"column":47}}}},"branchMap":{"0":{"loc":{"start":{"line":32,"column":6},"end":{"line":53,"column":7}},"type":"if","locations":[{"start":{"line":32,"column":6},"end":{"line":53,"column":7}}]},"1":{"loc":{"start":{"line":33,"column":8},"end":{"line":37,"column":9}},"type":"if","locations":[{"start":{"line":33,"column":8},"end":{"line":37,"column":9}}]},"2":{"loc":{"start":{"line":43,"column":10},"end":{"line":49,"column":11}},"type":"if","locations":[{"start":{"line":43,"column":10},"end":{"line":49,"column":11}}]},"3":{"loc":{"start":{"line":56,"column":6},"end":{"line":72,"column":7}},"type":"if","locations":[{"start":{"line":56,"column":6},"end":{"line":72,"column":7}}]},"4":{"loc":{"start":{"line":60,"column":26},"end":{"line":60,"column":53}},"type":"cond-expr","locations":[{"start":{"line":60,"column":46},"end":{"line":60,"column":49}},{"start":{"line":60,"column":46},"end":{"line":60,"column":53}}]},"5":{"loc":{"start":{"line":60,"column":26},"end":{"line":60,"column":49}},"type":"binary-expr","locations":[{"start":{"line":60,"column":26},"end":{"line":60,"column":49}},{"start":{"line":60,"column":46},"end":{"line":60,"column":49}}]},"6":{"loc":{"start":{"line":63,"column":12},"end":{"line":68,"column":13}},"type":"if","locations":[{"start":{"line":63,"column":12},"end":{"line":68,"column":13}}]},"7":{"loc":{"start":{"line":75,"column":6},"end":{"line":91,"column":7}},"type":"if","locations":[{"start":{"line":75,"column":6},"end":{"line":91,"column":7}}]},"8":{"loc":{"start":{"line":79,"column":26},"end":{"line":79,"column":60}},"type":"cond-expr","locations":[{"start":{"line":79,"column":53},"end":{"line":79,"column":56}},{"start":{"line":79,"column":53},"end":{"line":79,"column":60}}]},"9":{"loc":{"start":{"line":79,"column":26},"end":{"line":79,"column":56}},"type":"binary-expr","locations":[{"start":{"line":79,"column":26},"end":{"line":79,"column":56}},{"start":{"line":79,"column":53},"end":{"line":79,"column":56}}]},"10":{"loc":{"start":{"line":82,"column":12},"end":{"line":87,"column":13}},"type":"if","locations":[{"start":{"line":82,"column":12},"end":{"line":87,"column":13}}]}},"s":{"0":3,"1":3,"2":3,"3":3,"4":3,"5":14,"6":14,"7":14,"8":6,"9":1,"10":1,"11":5,"12":5,"13":4,"14":4,"15":3,"16":3,"17":5,"18":1,"19":1,"20":9,"21":4,"22":4,"23":4,"24":4,"25":4,"26":2,"27":2,"28":2,"29":2,"30":0,"31":7,"32":4,"33":4,"34":4,"35":4,"36":4,"37":0,"38":0,"39":0,"40":0,"41":0,"42":7,"43":0,"44":0,"45":3},"f":{"0":3,"1":14,"2":5,"3":2,"4":0},"b":{"0":[6],"1":[1],"2":[3],"3":[4],"4":[1,3],"5":[4,3],"6":[2],"7":[4],"8":[1,3],"9":[4,3],"10":[0]}}
,"C:\\Users\\kavi2\\Downloads\\codingtests2025\\codingtests\\be-test\\src\\repositories\\payment.repository.ts": {"path":"C:\\Users\\kavi2\\Downloads\\codingtests2025\\codingtests\\be-test\\src\\repositories\\payment.repository.ts","statementMap":{"0":{"start":{"line":1,"column":0},"end":{"line":1,"column":49}},"1":{"start":{"line":2,"column":0},"end":{"line":2,"column":76}},"2":{"start":{"line":4,"column":0},"end":{"line":4,"column":45}},"3":{"start":{"line":5,"column":0},"end":{"line":5,"column":41}},"4":{"start":{"line":8,"column":19},"end":{"line":8,"column":54}},"5":{"start":{"line":12,"column":4},"end":{"line":30,"column":5}},"6":{"start":{"line":13,"column":6},"end":{"line":13,"column":87}},"7":{"start":{"line":15,"column":21},"end":{"line":19,"column":null}},"8":{"start":{"line":23,"column":23},"end":{"line":23,"column":54}},"9":{"start":{"line":24,"column":6},"end":{"line":24,"column":76}},"10":{"start":{"line":26,"column":6},"end":{"line":26,"column":21}},"11":{"start":{"line":28,"column":6},"end":{"line":28,"column":73}},"12":{"start":{"line":29,"column":6},"end":{"line":29,"column":18}},"13":{"start":{"line":35,"column":4},"end":{"line":55,"column":5}},"14":{"start":{"line":36,"column":6},"end":{"line":41,"column":9}},"15":{"start":{"line":44,"column":6},"end":{"line":49,"column":8}},"16":{"start":{"line":51,"column":6},"end":{"line":51,"column":84}},"17":{"start":{"line":53,"column":6},"end":{"line":53,"column":86}},"18":{"start":{"line":54,"column":6},"end":{"line":54,"column":18}},"19":{"start":{"line":60,"column":4},"end":{"line":77,"column":5}},"20":{"start":{"line":61,"column":6},"end":{"line":61,"column":74}},"21":{"start":{"line":63,"column":21},"end":{"line":66,"column":null}},"22":{"start":{"line":70,"column":24},"end":{"line":70,"column":56}},"23":{"start":{"line":71,"column":6},"end":{"line":71,"column":66}},"24":{"start":{"line":73,"column":6},"end":{"line":73,"column":22}},"25":{"start":{"line":75,"column":6},"end":{"line":75,"column":60}},"26":{"start":{"line":76,"column":6},"end":{"line":76,"column":18}},"27":{"start":{"line":82,"column":4},"end":{"line":112,"column":5}},"28":{"start":{"line":84,"column":33},"end":{"line":84,"column":55}},"29":{"start":{"line":85,"column":6},"end":{"line":88,"column":9}},"30":{"start":{"line":91,"column":21},"end":{"line":97,"column":8}},"31":{"start":{"line":99,"column":21},"end":{"line":99,"column":71}},"32":{"start":{"line":101,"column":24},"end":{"line":101,"column":42}},"33":{"start":{"line":103,"column":6},"end":{"line":106,"column":9}},"34":{"start":{"line":108,"column":6},"end":{"line":108,"column":22}},"35":{"start":{"line":110,"column":6},"end":{"line":110,"column":78}},"36":{"start":{"line":111,"column":6},"end":{"line":111,"column":18}},"37":{"start":{"line":7,"column":0},"end":{"line":7,"column":13}}},"fnMap":{"0":{"name":"(anonymous_0)","decl":{"start":{"line":7,"column":0},"end":{"line":7,"column":13}},"loc":{"start":{"line":7,"column":0},"end":{"line":114,"column":1}}},"1":{"name":"(anonymous_1)","decl":{"start":{"line":11,"column":2},"end":{"line":11,"column":7}},"loc":{"start":{"line":11,"column":33},"end":{"line":31,"column":3}}},"2":{"name":"(anonymous_2)","decl":{"start":{"line":34,"column":2},"end":{"line":34,"column":7}},"loc":{"start":{"line":34,"column":31},"end":{"line":56,"column":3}}},"3":{"name":"(anonymous_3)","decl":{"start":{"line":59,"column":2},"end":{"line":59,"column":7}},"loc":{"start":{"line":59,"column":15},"end":{"line":78,"column":3}}},"4":{"name":"(anonymous_4)","decl":{"start":{"line":81,"column":2},"end":{"line":81,"column":7}},"loc":{"start":{"line":81,"column":39},"end":{"line":113,"column":3}}}},"branchMap":{"0":{"loc":{"start":{"line":23,"column":23},"end":{"line":23,"column":54}},"type":"binary-expr","locations":[{"start":{"line":23,"column":23},"end":{"line":23,"column":46}},{"start":{"line":23,"column":50},"end":{"line":23,"column":54}}]},"1":{"loc":{"start":{"line":70,"column":24},"end":{"line":70,"column":56}},"type":"binary-expr","locations":[{"start":{"line":70,"column":24},"end":{"line":70,"column":50}},{"start":{"line":70,"column":54},"end":{"line":70,"column":56}}]},"2":{"loc":{"start":{"line":101,"column":24},"end":{"line":101,"column":42}},"type":"binary-expr","locations":[{"start":{"line":101,"column":24},"end":{"line":101,"column":36}},{"start":{"line":101,"column":40},"end":{"line":101,"column":42}}]}},"s":{"0":1,"1":1,"2":1,"3":1,"4":5,"5":2,"6":2,"7":2,"8":2,"9":2,"10":2,"11":0,"12":0,"13":1,"14":1,"15":1,"16":1,"17":0,"18":0,"19":1,"20":1,"21":1,"22":1,"23":1,"24":1,"25":0,"26":0,"27":1,"28":1,"29":1,"30":1,"31":1,"32":1,"33":1,"34":1,"35":0,"36":0,"37":1},"f":{"0":5,"1":2,"2":1,"3":1,"4":1},"b":{"0":[2,1],"1":[1,0],"2":[1,0]}}
,"C:\\Users\\kavi2\\Downloads\\codingtests2025\\codingtests\\be-test\\src\\schemas\\payment.schemas.ts": {"path":"C:\\Users\\kavi2\\Downloads\\codingtests2025\\codingtests\\be-test\\src\\schemas\\payment.schemas.ts","statementMap":{"0":{"start":{"line":1,"column":0},"end":{"line":1,"column":24}},"1":{"start":{"line":3,"column":13},"end":{"line":48,"column":2}},"2":{"start":{"line":7,"column":15},"end":{"line":7,"column":22}},"3":{"start":{"line":12,"column":21},"end":{"line":12,"column":36}},"4":{"start":{"line":13,"column":6},"end":{"line":19,"column":7}},"5":{"start":{"line":14,"column":8},"end":{"line":17,"column":11}},"6":{"start":{"line":18,"column":8},"end":{"line":18,"column":23}},"7":{"start":{"line":20,"column":6},"end":{"line":26,"column":7}},"8":{"start":{"line":21,"column":8},"end":{"line":24,"column":11}},"9":{"start":{"line":25,"column":8},"end":{"line":25,"column":23}},"10":{"start":{"line":27,"column":6},"end":{"line":27,"column":20}},"11":{"start":{"line":31,"column":13},"end":{"line":31,"column":47}},"12":{"start":{"line":40,"column":22},"end":{"line":40,"column":39}},"13":{"start":{"line":45,"column":4},"end":{"line":45,"column":78}},"14":{"start":{"line":50,"column":13},"end":{"line":72,"column":39}},"15":{"start":{"line":57,"column":6},"end":{"line":57,"column":29}},"16":{"start":{"line":57,"column":16},"end":{"line":57,"column":29}},"17":{"start":{"line":58,"column":22},"end":{"line":58,"column":32}},"18":{"start":{"line":59,"column":6},"end":{"line":59,"column":32}},"19":{"start":{"line":66,"column":6},"end":{"line":66,"column":29}},"20":{"start":{"line":66,"column":16},"end":{"line":66,"column":29}},"21":{"start":{"line":67,"column":22},"end":{"line":67,"column":32}},"22":{"start":{"line":68,"column":6},"end":{"line":68,"column":104}},"23":{"start":{"line":72,"column":20},"end":{"line":72,"column":37}},"24":{"start":{"line":74,"column":13},"end":{"line":80,"column":5}},"25":{"start":{"line":77,"column":4},"end":{"line":77,"column":31}},"26":{"start":{"line":77,"column":14},"end":{"line":77,"column":31}},"27":{"start":{"line":78,"column":20},"end":{"line":78,"column":30}},"28":{"start":{"line":79,"column":4},"end":{"line":79,"column":55}}},"fnMap":{"0":{"name":"(anonymous_0)","decl":{"start":{"line":7,"column":6},"end":{"line":7,"column":7}},"loc":{"start":{"line":7,"column":15},"end":{"line":7,"column":22}}},"1":{"name":"(anonymous_1)","decl":{"start":{"line":11,"column":25},"end":{"line":11,"column":26}},"loc":{"start":{"line":11,"column":38},"end":{"line":28,"column":5}}},"2":{"name":"(anonymous_2)","decl":{"start":{"line":31,"column":4},"end":{"line":31,"column":5}},"loc":{"start":{"line":31,"column":13},"end":{"line":31,"column":47}}},"3":{"name":"(anonymous_3)","decl":{"start":{"line":40,"column":15},"end":{"line":40,"column":18}},"loc":{"start":{"line":40,"column":22},"end":{"line":40,"column":39}}},"4":{"name":"(anonymous_4)","decl":{"start":{"line":43,"column":2},"end":{"line":43,"column":3}},"loc":{"start":{"line":43,"column":11},"end":{"line":46,"column":3}}},"5":{"name":"(anonymous_5)","decl":{"start":{"line":55,"column":4},"end":{"line":55,"column":5}},"loc":{"start":{"line":55,"column":12},"end":{"line":60,"column":5}}},"6":{"name":"(anonymous_6)","decl":{"start":{"line":64,"column":4},"end":{"line":64,"column":5}},"loc":{"start":{"line":64,"column":12},"end":{"line":69,"column":5}}},"7":{"name":"(anonymous_7)","decl":{"start":{"line":72,"column":13},"end":{"line":72,"column":16}},"loc":{"start":{"line":72,"column":20},"end":{"line":72,"column":37}}},"8":{"name":"(anonymous_8)","decl":{"start":{"line":76,"column":13},"end":{"line":76,"column":16}},"loc":{"start":{"line":76,"column":19},"end":{"line":80,"column":3}}}},"branchMap":{"0":{"loc":{"start":{"line":13,"column":6},"end":{"line":19,"column":7}},"type":"if","locations":[{"start":{"line":13,"column":6},"end":{"line":19,"column":7}}]},"1":{"loc":{"start":{"line":20,"column":6},"end":{"line":26,"column":7}},"type":"if","locations":[{"start":{"line":20,"column":6},"end":{"line":26,"column":7}}]},"2":{"loc":{"start":{"line":31,"column":13},"end":{"line":31,"column":47}},"type":"binary-expr","locations":[{"start":{"line":31,"column":13},"end":{"line":31,"column":36}},{"start":{"line":31,"column":40},"end":{"line":31,"column":47}}]},"3":{"loc":{"start":{"line":45,"column":11},"end":{"line":45,"column":77}},"type":"binary-expr","locations":[{"start":{"line":45,"column":11},"end":{"line":45,"column":36}},{"start":{"line":45,"column":40},"end":{"line":45,"column":60}},{"start":{"line":45,"column":64},"end":{"line":45,"column":77}}]},"4":{"loc":{"start":{"line":57,"column":6},"end":{"line":57,"column":29}},"type":"if","locations":[{"start":{"line":57,"column":6},"end":{"line":57,"column":29}}]},"5":{"loc":{"start":{"line":66,"column":6},"end":{"line":66,"column":29}},"type":"if","locations":[{"start":{"line":66,"column":6},"end":{"line":66,"column":29}}]},"6":{"loc":{"start":{"line":72,"column":20},"end":{"line":72,"column":37}},"type":"binary-expr","locations":[{"start":{"line":72,"column":20},"end":{"line":72,"column":31}},{"start":{"line":72,"column":35},"end":{"line":72,"column":37}}]},"7":{"loc":{"start":{"line":72,"column":20},"end":{"line":72,"column":31}},"type":"cond-expr","locations":[{"start":{"line":72,"column":23},"end":{"line":72,"column":25}},{"start":{"line":72,"column":20},"end":{"line":72,"column":31}}]},"8":{"loc":{"start":{"line":72,"column":20},"end":{"line":72,"column":25}},"type":"binary-expr","locations":[{"start":{"line":72,"column":20},"end":{"line":72,"column":25}},{"start":{"line":72,"column":20},"end":{"line":72,"column":25}}]},"9":{"loc":{"start":{"line":77,"column":4},"end":{"line":77,"column":31}},"type":"if","locations":[{"start":{"line":77,"column":4},"end":{"line":77,"column":31}}]},"10":{"loc":{"start":{"line":79,"column":11},"end":{"line":79,"column":54}},"type":"cond-expr","locations":[{"start":{"line":79,"column":21},"end":{"line":79,"column":42}},{"start":{"line":79,"column":45},"end":{"line":79,"column":54}}]}},"s":{"0":3,"1":3,"2":3,"3":1,"4":1,"5":1,"6":1,"7":0,"8":0,"9":0,"10":0,"11":4,"12":3,"13":3,"14":3,"15":3,"16":0,"17":3,"18":3,"19":3,"20":0,"21":3,"22":3,"23":2,"24":3,"25":4,"26":2,"27":2,"28":2},"f":{"0":3,"1":1,"2":4,"3":3,"4":3,"5":3,"6":3,"7":2,"8":4},"b":{"0":[1],"1":[0],"2":[4,3],"3":[3,3,3],"4":[0],"5":[0],"6":[2,0],"7":[0,2],"8":[2,2],"9":[2],"10":[2,0]}}
,"C:\\Users\\kavi2\\Downloads\\codingtests2025\\codingtests\\be-test\\src\\services\\payment.service.ts": {"path":"C:\\Users\\kavi2\\Downloads\\codingtests2025\\codingtests\\be-test\\src\\services\\payment.service.ts","statementMap":{"0":{"start":{"line":1,"column":0},"end":{"line":1,"column":36}},"1":{"start":{"line":4,"column":0},"end":{"line":4,"column":41}},"2":{"start":{"line":7,"column":31},"end":{"line":7,"column":67}},"3":{"start":{"line":10,"column":22},"end":{"line":10,"column":30}},"4":{"start":{"line":12,"column":29},"end":{"line":16,"column":6}},"5":{"start":{"line":18,"column":4},"end":{"line":22,"column":7}},"6":{"start":{"line":24,"column":4},"end":{"line":24,"column":49}},"7":{"start":{"line":26,"column":4},"end":{"line":26,"column":63}},"8":{"start":{"line":27,"column":4},"end":{"line":27,"column":19}},"9":{"start":{"line":31,"column":4},"end":{"line":31,"column":53}},"10":{"start":{"line":33,"column":20},"end":{"line":33,"column":67}},"11":{"start":{"line":35,"column":4},"end":{"line":39,"column":5}},"12":{"start":{"line":36,"column":6},"end":{"line":36,"column":54}},"13":{"start":{"line":38,"column":6},"end":{"line":38,"column":67}},"14":{"start":{"line":41,"column":4},"end":{"line":41,"column":19}},"15":{"start":{"line":47,"column":4},"end":{"line":50,"column":5}},"16":{"start":{"line":48,"column":6},"end":{"line":48,"column":42}},"17":{"start":{"line":49,"column":6},"end":{"line":49,"column":52}},"18":{"start":{"line":53,"column":4},"end":{"line":53,"column":87}},"19":{"start":{"line":54,"column":4},"end":{"line":54,"column":71}},"20":{"start":{"line":6,"column":0},"end":{"line":6,"column":13}}},"fnMap":{"0":{"name":"(anonymous_0)","decl":{"start":{"line":7,"column":2},"end":{"line":7,"column":31}},"loc":{"start":{"line":7,"column":67},"end":{"line":7,"column":71}}},"1":{"name":"(anonymous_1)","decl":{"start":{"line":9,"column":2},"end":{"line":9,"column":7}},"loc":{"start":{"line":9,"column":47},"end":{"line":28,"column":3}}},"2":{"name":"(anonymous_2)","decl":{"start":{"line":30,"column":2},"end":{"line":30,"column":7}},"loc":{"start":{"line":30,"column":40},"end":{"line":42,"column":3}}},"3":{"name":"(anonymous_3)","decl":{"start":{"line":45,"column":2},"end":{"line":45,"column":7}},"loc":{"start":{"line":45,"column":44},"end":{"line":55,"column":3}}}},"branchMap":{"0":{"loc":{"start":{"line":35,"column":4},"end":{"line":39,"column":5}},"type":"if","locations":[{"start":{"line":35,"column":4},"end":{"line":39,"column":5}},{"start":{"line":37,"column":11},"end":{"line":39,"column":5}}]},"1":{"loc":{"start":{"line":47,"column":4},"end":{"line":50,"column":5}},"type":"if","locations":[{"start":{"line":47,"column":4},"end":{"line":50,"column":5}}]}},"s":{"0":1,"1":1,"2":6,"3":2,"4":2,"5":2,"6":2,"7":2,"8":2,"9":2,"10":2,"11":2,"12":1,"13":1,"14":2,"15":2,"16":1,"17":1,"18":1,"19":1,"20":1},"f":{"0":6,"1":2,"2":2,"3":2},"b":{"0":[1,1],"1":[1]}}
,"C:\\Users\\kavi2\\Downloads\\codingtests2025\\codingtests\\be-test\\src\\utils\\logger.ts": {"path":"C:\\Users\\kavi2\\Downloads\\codingtests2025\\codingtests\\be-test\\src\\utils\\logger.ts","statementMap":{"0":{"start":{"line":1,"column":0},"end":{"line":1,"column":30}},"1":{"start":{"line":3,"column":21},"end":{"line":23,"column":1}},"2":{"start":{"line":4,"column":17},"end":{"line":20,"column":4}},"3":{"start":{"line":22,"column":2},"end":{"line":22,"column":16}},"4":{"start":{"line":25,"column":13},"end":{"line":25,"column":37}},"5":{"start":{"line":28,"column":30},"end":{"line":30,"column":1}},"6":{"start":{"line":29,"column":2},"end":{"line":29,"column":42}},"7":{"start":{"line":28,"column":13},"end":{"line":28,"column":30}}},"fnMap":{"0":{"name":"(anonymous_1)","decl":{"start":{"line":3,"column":21},"end":{"line":3,"column":24}},"loc":{"start":{"line":3,"column":26},"end":{"line":23,"column":1}}},"1":{"name":"(anonymous_2)","decl":{"start":{"line":28,"column":30},"end":{"line":28,"column":31}},"loc":{"start":{"line":28,"column":96},"end":{"line":30,"column":1}}}},"branchMap":{"0":{"loc":{"start":{"line":5,"column":11},"end":{"line":5,"column":42}},"type":"binary-expr","locations":[{"start":{"line":5,"column":11},"end":{"line":5,"column":32}},{"start":{"line":5,"column":36},"end":{"line":5,"column":42}}]}},"s":{"0":1,"1":1,"2":1,"3":1,"4":1,"5":1,"6":0,"7":1},"f":{"0":1,"1":0},"b":{"0":[1,1]}}
}
