TN:
SF:src\config\constants.ts
FNF:0
FNH:0
DA:3,1
LF:1
LH:1
BRDA:5,0,0,1
BRDA:5,0,1,1
BRDA:6,1,0,1
BRDA:6,1,1,1
BRDA:9,2,0,1
BRDA:9,2,1,1
BRDA:12,3,0,1
BRDA:12,3,1,0
BRDA:13,4,0,1
BRDA:13,4,1,0
BRF:10
BRH:8
end_of_record
TN:
SF:src\handlers\createPayment.ts
FN:10,(anonymous_0)
FNF:1
FNH:1
FNDA:1,(anonymous_0)
DA:1,1
DA:2,1
DA:3,1
DA:4,1
DA:5,1
DA:7,1
DA:8,1
DA:10,1
DA:14,1
DA:16,1
DA:23,1
LF:11
LH:11
BRF:0
BRH:0
end_of_record
TN:
SF:src\handlers\getPayment.ts
FN:10,(anonymous_0)
FNF:1
FNH:1
FNDA:2,(anonymous_0)
DA:1,1
DA:2,1
DA:3,1
DA:4,1
DA:5,1
DA:7,1
DA:8,1
DA:10,1
DA:14,2
DA:15,2
DA:17,2
DA:18,1
DA:21,1
DA:24,1
LF:14
LH:14
BRDA:17,0,0,1
BRF:1
BRH:1
end_of_record
TN:
SF:src\handlers\listPayments.ts
FN:10,(anonymous_0)
FNF:1
FNH:1
FNDA:4,(anonymous_0)
DA:1,1
DA:2,1
DA:3,1
DA:4,1
DA:5,1
DA:7,1
DA:8,1
DA:10,1
DA:14,4
DA:15,4
DA:17,4
DA:20,1
LF:12
LH:12
BRDA:14,0,0,0
BRDA:14,0,1,4
BRDA:14,1,0,4
BRDA:14,1,1,4
BRF:4
BRH:3
end_of_record
TN:
SF:src\lib\apigateway.ts
FN:3,(anonymous_0)
FN:14,(anonymous_1)
FNF:2
FNH:1
FNDA:14,(anonymous_0)
FNDA:0,(anonymous_1)
DA:3,3
DA:4,14
DA:14,3
DA:15,0
DA:16,0
DA:18,0
DA:19,0
LF:7
LH:3
BRF:0
BRH:0
end_of_record
TN:
SF:src\lib\dynamodb.ts
FNF:0
FNH:0
DA:1,0
DA:2,0
DA:3,0
DA:4,0
DA:8,0
DA:9,0
DA:17,0
DA:19,0
DA:22,0
DA:25,0
DA:26,0
LF:11
LH:0
BRDA:8,0,0,0
BRDA:8,0,1,0
BRF:2
BRH:0
end_of_record
TN:
SF:src\lib\lambda.ts
FN:25,(anonymous_0)
FN:26,(anonymous_1)
FN:58,(anonymous_2)
FN:71,(anonymous_3)
FN:83,(anonymous_4)
FN:102,(anonymous_5)
FN:116,(anonymous_6)
FN:129,(anonymous_7)
FN:142,(anonymous_8)
FN:155,(anonymous_9)
FN:168,(anonymous_10)
FNF:11
FNH:7
FNDA:3,(anonymous_0)
FNDA:14,(anonymous_1)
FNDA:0,(anonymous_2)
FNDA:0,(anonymous_3)
FNDA:0,(anonymous_4)
FNDA:0,(anonymous_5)
FNDA:4,(anonymous_6)
FNDA:1,(anonymous_7)
FNDA:3,(anonymous_8)
FNDA:5,(anonymous_9)
FNDA:1,(anonymous_10)
DA:6,3
DA:7,3
DA:25,3
DA:26,3
DA:27,14
DA:29,14
DA:37,14
DA:40,0
DA:43,0
DA:58,3
DA:62,0
DA:71,3
DA:74,0
DA:83,3
DA:84,0
DA:85,0
DA:88,0
DA:89,0
DA:91,0
DA:92,0
DA:102,3
DA:103,0
DA:109,3
DA:117,4
DA:130,1
DA:143,3
DA:156,5
DA:169,1
LF:28
LH:17
BRDA:62,0,0,0
BRDA:62,0,1,0
BRDA:62,1,0,0
BRDA:62,1,1,0
BRDA:62,2,0,0
BRDA:62,2,1,0
BRDA:74,3,0,0
BRDA:74,3,1,0
BRDA:84,4,0,0
BRF:9
BRH:0
end_of_record
TN:
SF:src\middleware\validation.middleware.ts
FN:23,(anonymous_0)
FN:27,(anonymous_1)
FN:47,(anonymous_2)
FN:66,(anonymous_3)
FN:85,(anonymous_4)
FNF:5
FNH:4
FNDA:3,(anonymous_0)
FNDA:14,(anonymous_1)
FNDA:5,(anonymous_2)
FNDA:2,(anonymous_3)
FNDA:0,(anonymous_4)
DA:1,3
DA:3,3
DA:4,3
DA:23,3
DA:27,3
DA:28,14
DA:30,14
DA:32,14
DA:33,6
DA:35,1
DA:36,1
DA:39,5
DA:40,5
DA:41,4
DA:43,4
DA:44,3
DA:46,3
DA:47,5
DA:50,1
DA:51,1
DA:56,9
DA:57,4
DA:58,4
DA:59,4
DA:60,4
DA:61,4
DA:63,2
DA:64,2
DA:65,2
DA:66,2
DA:69,0
DA:75,7
DA:76,4
DA:77,4
DA:78,4
DA:79,4
DA:80,4
DA:82,0
DA:83,0
DA:84,0
DA:85,0
DA:88,0
DA:93,7
DA:95,0
DA:96,0
LF:45
LH:37
BRDA:32,0,0,6
BRDA:33,1,0,1
BRDA:43,2,0,3
BRDA:56,3,0,4
BRDA:60,4,0,1
BRDA:60,4,1,3
BRDA:60,5,0,4
BRDA:60,5,1,3
BRDA:63,6,0,2
BRDA:75,7,0,4
BRDA:79,8,0,1
BRDA:79,8,1,3
BRDA:79,9,0,4
BRDA:79,9,1,3
BRDA:82,10,0,0
BRF:15
BRH:14
end_of_record
TN:
SF:src\repositories\payment.repository.ts
FN:7,(anonymous_0)
FN:11,(anonymous_1)
FN:34,(anonymous_2)
FN:59,(anonymous_3)
FN:81,(anonymous_4)
FNF:5
FNH:5
FNDA:5,(anonymous_0)
FNDA:2,(anonymous_1)
FNDA:1,(anonymous_2)
FNDA:1,(anonymous_3)
FNDA:1,(anonymous_4)
DA:1,1
DA:2,1
DA:4,1
DA:5,1
DA:7,1
DA:8,5
DA:12,2
DA:13,2
DA:15,2
DA:23,2
DA:24,2
DA:26,2
DA:28,0
DA:29,0
DA:35,1
DA:36,1
DA:44,1
DA:51,1
DA:53,0
DA:54,0
DA:60,1
DA:61,1
DA:63,1
DA:70,1
DA:71,1
DA:73,1
DA:75,0
DA:76,0
DA:82,1
DA:84,1
DA:85,1
DA:91,1
DA:99,1
DA:101,1
DA:103,1
DA:108,1
DA:110,0
DA:111,0
LF:38
LH:30
BRDA:23,0,0,2
BRDA:23,0,1,1
BRDA:70,1,0,1
BRDA:70,1,1,0
BRDA:101,2,0,1
BRDA:101,2,1,0
BRF:6
BRH:4
end_of_record
TN:
SF:src\schemas\payment.schemas.ts
FN:7,(anonymous_0)
FN:11,(anonymous_1)
FN:31,(anonymous_2)
FN:40,(anonymous_3)
FN:43,(anonymous_4)
FN:55,(anonymous_5)
FN:64,(anonymous_6)
FN:72,(anonymous_7)
FN:76,(anonymous_8)
FNF:9
FNH:9
FNDA:3,(anonymous_0)
FNDA:1,(anonymous_1)
FNDA:4,(anonymous_2)
FNDA:3,(anonymous_3)
FNDA:3,(anonymous_4)
FNDA:3,(anonymous_5)
FNDA:3,(anonymous_6)
FNDA:2,(anonymous_7)
FNDA:4,(anonymous_8)
DA:1,3
DA:3,3
DA:7,3
DA:12,1
DA:13,1
DA:14,1
DA:18,1
DA:20,0
DA:21,0
DA:25,0
DA:27,0
DA:31,4
DA:40,3
DA:45,3
DA:50,3
DA:57,3
DA:58,3
DA:59,3
DA:66,3
DA:67,3
DA:68,3
DA:72,2
DA:74,3
DA:77,4
DA:78,2
DA:79,2
LF:26
LH:22
BRDA:13,0,0,1
BRDA:20,1,0,0
BRDA:31,2,0,4
BRDA:31,2,1,3
BRDA:45,3,0,3
BRDA:45,3,1,3
BRDA:45,3,2,3
BRDA:57,4,0,0
BRDA:66,5,0,0
BRDA:72,6,0,2
BRDA:72,6,1,0
BRDA:72,7,0,0
BRDA:72,7,1,2
BRDA:72,8,0,2
BRDA:72,8,1,2
BRDA:77,9,0,2
BRDA:79,10,0,2
BRDA:79,10,1,0
BRF:18
BRH:12
end_of_record
TN:
SF:src\services\payment.service.ts
FN:7,(anonymous_0)
FN:9,(anonymous_1)
FN:30,(anonymous_2)
FN:45,(anonymous_3)
FNF:4
FNH:4
FNDA:6,(anonymous_0)
FNDA:2,(anonymous_1)
FNDA:2,(anonymous_2)
FNDA:2,(anonymous_3)
DA:1,1
DA:4,1
DA:6,1
DA:7,6
DA:10,2
DA:12,2
DA:18,2
DA:24,2
DA:26,2
DA:27,2
DA:31,2
DA:33,2
DA:35,2
DA:36,1
DA:38,1
DA:41,2
DA:47,2
DA:48,1
DA:49,1
DA:53,1
DA:54,1
LF:21
LH:21
BRDA:35,0,0,1
BRDA:35,0,1,1
BRDA:47,1,0,1
BRF:3
BRH:3
end_of_record
TN:
SF:src\utils\logger.ts
FN:3,(anonymous_1)
FN:28,(anonymous_2)
FNF:2
FNH:1
FNDA:1,(anonymous_1)
FNDA:0,(anonymous_2)
DA:1,1
DA:3,1
DA:4,1
DA:22,1
DA:25,1
DA:28,1
DA:29,0
LF:7
LH:6
BRDA:5,0,0,1
BRDA:5,0,1,1
BRF:2
BRH:2
end_of_record
